<?xml version="1.0" encoding="UTF-8"?>
<testsuite xmlns:xsi="http://www.w3.org/2001/XMLSchema-instance" xsi:noNamespaceSchemaLocation="https://maven.apache.org/surefire/maven-surefire-plugin/xsd/surefire-test-report-3.0.xsd" version="3.0" name="com.it_academy.CalculatorTest" time="0.398" tests="14" errors="0" skipped="0" failures="0">
  <properties>
    <property name="java.specification.version" value="17"/>
    <property name="sun.jnu.encoding" value="UTF-8"/>
    <property name="java.class.path" value="/Users/irina/test-selenium/Calculator/target/test-classes:/Users/irina/test-selenium/Calculator/target/classes:/Users/irina/.m2/repository/org/junit/jupiter/junit-jupiter/5.9.2/junit-jupiter-5.9.2.jar:/Users/irina/.m2/repository/org/junit/jupiter/junit-jupiter-params/5.9.2/junit-jupiter-params-5.9.2.jar:/Users/irina/.m2/repository/org/junit/jupiter/junit-jupiter-engine/5.9.2/junit-jupiter-engine-5.9.2.jar:/Users/irina/.m2/repository/org/junit/platform/junit-platform-engine/1.9.2/junit-platform-engine-1.9.2.jar:/Users/irina/.m2/repository/org/junit/jupiter/junit-jupiter-api/5.9.2/junit-jupiter-api-5.9.2.jar:/Users/irina/.m2/repository/org/opentest4j/opentest4j/1.2.0/opentest4j-1.2.0.jar:/Users/irina/.m2/repository/org/junit/platform/junit-platform-commons/1.9.2/junit-platform-commons-1.9.2.jar:/Users/irina/.m2/repository/org/apiguardian/apiguardian-api/1.1.2/apiguardian-api-1.1.2.jar:/Users/irina/.m2/repository/org/apache/maven/doxia/doxia-core/2.0.0-M6/doxia-core-2.0.0-M6.jar:/Users/irina/.m2/repository/org/apache/maven/doxia/doxia-sink-api/2.0.0-M6/doxia-sink-api-2.0.0-M6.jar:/Users/irina/.m2/repository/org/slf4j/slf4j-api/1.7.36/slf4j-api-1.7.36.jar:/Users/irina/.m2/repository/javax/inject/javax.inject/1/javax.inject-1.jar:/Users/irina/.m2/repository/org/codehaus/plexus/plexus-utils/3.5.1/plexus-utils-3.5.1.jar:/Users/irina/.m2/repository/org/apache/commons/commons-text/1.10.0/commons-text-1.10.0.jar:/Users/irina/.m2/repository/org/apache/maven/doxia/doxia-site-renderer/2.0.0-M6/doxia-site-renderer-2.0.0-M6.jar:/Users/irina/.m2/repository/org/apache/maven/maven-artifact/3.2.5/maven-artifact-3.2.5.jar:/Users/irina/.m2/repository/org/apache/maven/doxia/doxia-decoration-model/2.0.0-M6/doxia-decoration-model-2.0.0-M6.jar:/Users/irina/.m2/repository/org/apache/maven/doxia/doxia-skin-model/2.0.0-M6/doxia-skin-model-2.0.0-M6.jar:/Users/irina/.m2/repository/org/apache/maven/doxia/doxia-module-xhtml5/2.0.0-M6/doxia-module-xhtml5-2.0.0-M6.jar:/Users/irina/.m2/repository/org/eclipse/sisu/org.eclipse.sisu.plexus/0.3.5/org.eclipse.sisu.plexus-0.3.5.jar:/Users/irina/.m2/repository/javax/annotation/javax.annotation-api/1.2/javax.annotation-api-1.2.jar:/Users/irina/.m2/repository/javax/enterprise/cdi-api/1.2/cdi-api-1.2.jar:/Users/irina/.m2/repository/org/eclipse/sisu/org.eclipse.sisu.inject/0.3.5/org.eclipse.sisu.inject-0.3.5.jar:/Users/irina/.m2/repository/org/codehaus/plexus/plexus-component-annotations/1.5.5/plexus-component-annotations-1.5.5.jar:/Users/irina/.m2/repository/org/codehaus/plexus/plexus-classworlds/2.5.2/plexus-classworlds-2.5.2.jar:/Users/irina/.m2/repository/org/codehaus/plexus/plexus-velocity/2.0/plexus-velocity-2.0.jar:/Users/irina/.m2/repository/org/apache/velocity/velocity-engine-core/2.3/velocity-engine-core-2.3.jar:/Users/irina/.m2/repository/org/apache/velocity/tools/velocity-tools-generic/3.1/velocity-tools-generic-3.1.jar:/Users/irina/.m2/repository/commons-beanutils/commons-beanutils/1.9.4/commons-beanutils-1.9.4.jar:/Users/irina/.m2/repository/commons-logging/commons-logging/1.2/commons-logging-1.2.jar:/Users/irina/.m2/repository/commons-collections/commons-collections/3.2.2/commons-collections-3.2.2.jar:/Users/irina/.m2/repository/org/apache/commons/commons-digester3/3.2/commons-digester3-3.2.jar:/Users/irina/.m2/repository/com/github/cliftonlabs/json-simple/3.0.2/json-simple-3.0.2.jar:/Users/irina/.m2/repository/org/apache/commons/commons-lang3/3.12.0/commons-lang3-3.12.0.jar:"/>
    <property name="java.vm.vendor" value="Eclipse Adoptium"/>
    <property name="sun.arch.data.model" value="64"/>
    <property name="java.vendor.url" value="https://adoptium.net/"/>
    <property name="os.name" value="Mac OS X"/>
    <property name="java.vm.specification.version" value="17"/>
    <property name="sun.java.launcher" value="SUN_STANDARD"/>
    <property name="user.country" value="BY"/>
    <property name="sun.boot.library.path" value="/Library/Java/JavaVirtualMachines/temurin-17.jdk/Contents/Home/lib"/>
    <property name="sun.java.command" value="/Users/irina/test-selenium/Calculator/target/surefire/surefirebooter11416543187405879243.jar /Users/irina/test-selenium/Calculator/target/surefire 2023-03-24T17-55-35_807-jvmRun1 surefire11506351842369152808tmp surefire_02046179122541570754tmp"/>
    <property name="http.nonProxyHosts" value="local|*.local|169.254/16|*.169.254/16"/>
    <property name="jdk.debug" value="release"/>
    <property name="surefire.test.class.path" value="/Users/irina/test-selenium/Calculator/target/test-classes:/Users/irina/test-selenium/Calculator/target/classes:/Users/irina/.m2/repository/org/junit/jupiter/junit-jupiter/5.9.2/junit-jupiter-5.9.2.jar:/Users/irina/.m2/repository/org/junit/jupiter/junit-jupiter-params/5.9.2/junit-jupiter-params-5.9.2.jar:/Users/irina/.m2/repository/org/junit/jupiter/junit-jupiter-engine/5.9.2/junit-jupiter-engine-5.9.2.jar:/Users/irina/.m2/repository/org/junit/platform/junit-platform-engine/1.9.2/junit-platform-engine-1.9.2.jar:/Users/irina/.m2/repository/org/junit/jupiter/junit-jupiter-api/5.9.2/junit-jupiter-api-5.9.2.jar:/Users/irina/.m2/repository/org/opentest4j/opentest4j/1.2.0/opentest4j-1.2.0.jar:/Users/irina/.m2/repository/org/junit/platform/junit-platform-commons/1.9.2/junit-platform-commons-1.9.2.jar:/Users/irina/.m2/repository/org/apiguardian/apiguardian-api/1.1.2/apiguardian-api-1.1.2.jar:/Users/irina/.m2/repository/org/apache/maven/doxia/doxia-core/2.0.0-M6/doxia-core-2.0.0-M6.jar:/Users/irina/.m2/repository/org/apache/maven/doxia/doxia-sink-api/2.0.0-M6/doxia-sink-api-2.0.0-M6.jar:/Users/irina/.m2/repository/org/slf4j/slf4j-api/1.7.36/slf4j-api-1.7.36.jar:/Users/irina/.m2/repository/javax/inject/javax.inject/1/javax.inject-1.jar:/Users/irina/.m2/repository/org/codehaus/plexus/plexus-utils/3.5.1/plexus-utils-3.5.1.jar:/Users/irina/.m2/repository/org/apache/commons/commons-text/1.10.0/commons-text-1.10.0.jar:/Users/irina/.m2/repository/org/apache/maven/doxia/doxia-site-renderer/2.0.0-M6/doxia-site-renderer-2.0.0-M6.jar:/Users/irina/.m2/repository/org/apache/maven/maven-artifact/3.2.5/maven-artifact-3.2.5.jar:/Users/irina/.m2/repository/org/apache/maven/doxia/doxia-decoration-model/2.0.0-M6/doxia-decoration-model-2.0.0-M6.jar:/Users/irina/.m2/repository/org/apache/maven/doxia/doxia-skin-model/2.0.0-M6/doxia-skin-model-2.0.0-M6.jar:/Users/irina/.m2/repository/org/apache/maven/doxia/doxia-module-xhtml5/2.0.0-M6/doxia-module-xhtml5-2.0.0-M6.jar:/Users/irina/.m2/repository/org/eclipse/sisu/org.eclipse.sisu.plexus/0.3.5/org.eclipse.sisu.plexus-0.3.5.jar:/Users/irina/.m2/repository/javax/annotation/javax.annotation-api/1.2/javax.annotation-api-1.2.jar:/Users/irina/.m2/repository/javax/enterprise/cdi-api/1.2/cdi-api-1.2.jar:/Users/irina/.m2/repository/org/eclipse/sisu/org.eclipse.sisu.inject/0.3.5/org.eclipse.sisu.inject-0.3.5.jar:/Users/irina/.m2/repository/org/codehaus/plexus/plexus-component-annotations/1.5.5/plexus-component-annotations-1.5.5.jar:/Users/irina/.m2/repository/org/codehaus/plexus/plexus-classworlds/2.5.2/plexus-classworlds-2.5.2.jar:/Users/irina/.m2/repository/org/codehaus/plexus/plexus-velocity/2.0/plexus-velocity-2.0.jar:/Users/irina/.m2/repository/org/apache/velocity/velocity-engine-core/2.3/velocity-engine-core-2.3.jar:/Users/irina/.m2/repository/org/apache/velocity/tools/velocity-tools-generic/3.1/velocity-tools-generic-3.1.jar:/Users/irina/.m2/repository/commons-beanutils/commons-beanutils/1.9.4/commons-beanutils-1.9.4.jar:/Users/irina/.m2/repository/commons-logging/commons-logging/1.2/commons-logging-1.2.jar:/Users/irina/.m2/repository/commons-collections/commons-collections/3.2.2/commons-collections-3.2.2.jar:/Users/irina/.m2/repository/org/apache/commons/commons-digester3/3.2/commons-digester3-3.2.jar:/Users/irina/.m2/repository/com/github/cliftonlabs/json-simple/3.0.2/json-simple-3.0.2.jar:/Users/irina/.m2/repository/org/apache/commons/commons-lang3/3.12.0/commons-lang3-3.12.0.jar:"/>
    <property name="test" value="CalculatorTest"/>
    <property name="sun.cpu.endian" value="little"/>
    <property name="user.home" value="/Users/irina"/>
    <property name="user.language" value="ru"/>
    <property name="java.specification.vendor" value="Oracle Corporation"/>
    <property name="java.version.date" value="2022-10-18"/>
    <property name="java.home" value="/Library/Java/JavaVirtualMachines/temurin-17.jdk/Contents/Home"/>
    <property name="file.separator" value="/"/>
    <property name="basedir" value="/Users/irina/test-selenium/Calculator"/>
    <property name="java.vm.compressedOopsMode" value="Zero based"/>
    <property name="line.separator" value="&#10;"/>
    <property name="java.vm.specification.vendor" value="Oracle Corporation"/>
    <property name="java.specification.name" value="Java Platform API Specification"/>
    <property name="surefire.real.class.path" value="/Users/irina/test-selenium/Calculator/target/surefire/surefirebooter11416543187405879243.jar"/>
    <property name="sun.management.compiler" value="HotSpot 64-Bit Tiered Compilers"/>
    <property name="ftp.nonProxyHosts" value="local|*.local|169.254/16|*.169.254/16"/>
    <property name="java.runtime.version" value="17.0.5+8"/>
    <property name="user.name" value="irina"/>
    <property name="path.separator" value=":"/>
    <property name="os.version" value="12.1"/>
    <property name="java.runtime.name" value="OpenJDK Runtime Environment"/>
    <property name="file.encoding" value="US-ASCII"/>
    <property name="java.vm.name" value="OpenJDK 64-Bit Server VM"/>
    <property name="java.vendor.version" value="Temurin-17.0.5+8"/>
    <property name="localRepository" value="/Users/irina/.m2/repository"/>
    <property name="java.vendor.url.bug" value="https://github.com/adoptium/adoptium-support/issues"/>
    <property name="java.io.tmpdir" value="/var/folders/5l/pl9yrvns33z76ps_l35qj25c0000gn/T/"/>
    <property name="idea.version" value="2021.2.2"/>
    <property name="java.version" value="17.0.5"/>
    <property name="user.dir" value="/Users/irina/test-selenium/Calculator"/>
    <property name="os.arch" value="x86_64"/>
    <property name="java.vm.specification.name" value="Java Virtual Machine Specification"/>
    <property name="native.encoding" value="US-ASCII"/>
    <property name="java.library.path" value="/Users/irina/Library/Java/Extensions:/Library/Java/Extensions:/Network/Library/Java/Extensions:/System/Library/Java/Extensions:/usr/lib/java:."/>
    <property name="java.vm.info" value="mixed mode, sharing"/>
    <property name="java.vendor" value="Eclipse Adoptium"/>
    <property name="java.vm.version" value="17.0.5+8"/>
    <property name="sun.io.unicode.encoding" value="UnicodeBig"/>
    <property name="socksNonProxyHosts" value="local|*.local|169.254/16|*.169.254/16"/>
    <property name="java.class.version" value="61.0"/>
  </properties>
  <testcase name="testMultiplication" classname="com.it_academy.CalculatorTest" time="0.127"/>
  <testcase name="testAddition" classname="com.it_academy.CalculatorTest" time="0.006"/>
  <testcase name="testInvalidOperation" classname="com.it_academy.CalculatorTest" time="0.002"/>
  <testcase name="testDecimalNumbers(double, double, String, double)[1]" classname="com.it_academy.CalculatorTest" time="0.041"/>
  <testcase name="testDecimalNumbers(double, double, String, double)[2]" classname="com.it_academy.CalculatorTest" time="0.002"/>
  <testcase name="testDecimalNumbers(double, double, String, double)[3]" classname="com.it_academy.CalculatorTest" time="0.002"/>
  <testcase name="testDecimalNumbers(double, double, String, double)[4]" classname="com.it_academy.CalculatorTest" time="0.004"/>
  <testcase name="testDivisionByZero" classname="com.it_academy.CalculatorTest" time="0.001"/>
  <testcase name="testDivision" classname="com.it_academy.CalculatorTest" time="0.001"/>
  <testcase name="testSubtraction" classname="com.it_academy.CalculatorTest" time="0.001"/>
  <testcase name="testNegativeNumbers(double, double, String, double)[1]" classname="com.it_academy.CalculatorTest" time="0.001"/>
  <testcase name="testNegativeNumbers(double, double, String, double)[2]" classname="com.it_academy.CalculatorTest" time="0.003"/>
  <testcase name="testNegativeNumbers(double, double, String, double)[3]" classname="com.it_academy.CalculatorTest" time="0.001"/>
  <testcase name="testNegativeNumbers(double, double, String, double)[4]" classname="com.it_academy.CalculatorTest" time="0.003"/>
</testsuite>